<?xml version="1.0" encoding="UTF-8"?>
<!-- Generated by org.testng.reporters.JUnitReportReporter -->
<testsuite skipped="1" hostname="KH170" name="com.kony.appiumtests.tests.FrmLoginTest" tests="1" failures="0" timestamp="21 Dec 2017 12:04:17 GMT" time="0.000" errors="0">
  <testcase name="testLogin" time="0.000" classname="com.kony.appiumtests.tests.FrmLoginTest">
    <skipped/>
  </testcase> <!-- testLogin -->
</testsuite> <!-- com.kony.appiumtests.tests.FrmLoginTest -->
