<?xml version="1.0" encoding="UTF-8"?>
<!-- Generated by org.testng.reporters.JUnitReportReporter -->
<testsuite skipped="2" hostname="KH170" name="com.kony.appiumtests.tests.FrmRegisterTest" tests="2" failures="0" timestamp="21 Dec 2017 12:04:17 GMT" time="0.000" errors="0">
  <testcase name="testregistercancel" time="0.000" classname="com.kony.appiumtests.tests.FrmRegisterTest">
    <skipped/>
  </testcase> <!-- testregistercancel -->
  <testcase name="testregisteruser" time="0.000" classname="com.kony.appiumtests.tests.FrmRegisterTest">
    <skipped/>
  </testcase> <!-- testregisteruser -->
</testsuite> <!-- com.kony.appiumtests.tests.FrmRegisterTest -->
